<?xml version="1.0" encoding="UTF-8"?>
<!-- Generated by org.testng.reporters.JUnitReportReporter -->
<testsuite hostname="Doctor-Buttons" failures="0" tests="5" name="com.salesforce.tests.Login.LoginTest" time="36.248" errors="0" timestamp="2022-02-13T23:44:04 CST" skipped="0">
  <testcase classname="com.salesforce.tests.Login.LoginTest" name="invalidLoginTest" time="5.909"/>
  <system-out/>
  <testcase classname="com.salesforce.tests.Login.LoginTest" name="forgotPassword2" time="5.606"/>
  <system-out/>
  <testcase classname="com.salesforce.tests.Login.LoginTest" name="forgotPassword1" time="4.028"/>
  <system-out/>
  <testcase classname="com.salesforce.tests.Login.LoginTest" name="validRememberMe" time="11.060"/>
  <system-out/>
  <testcase classname="com.salesforce.tests.Login.LoginTest" name="validLoginTest" time="9.645"/>
  <system-out/>
</testsuite> <!-- com.salesforce.tests.Login.LoginTest -->
