<?xml version="1.0" encoding="UTF-8"?>
<!-- Generated by org.testng.reporters.JUnitReportReporter -->
<testsuite hostname="Doctor-Buttons" failures="0" tests="5" name="com.salesforce.tests.Leads.LeadsTest" time="151.337" errors="0" timestamp="2022-02-13T23:44:04 CST" skipped="0">
  <testcase classname="com.salesforce.tests.Leads.LeadsTest" name="leadsSelectViewTest" time="26.175"/>
  <system-out/>
  <testcase classname="com.salesforce.tests.Leads.LeadsTest" name="leadsTabTest" time="27.932"/>
  <system-out/>
  <testcase classname="com.salesforce.tests.Leads.LeadsTest" name="newBtnLeadsHomeTest" time="31.045"/>
  <system-out/>
  <testcase classname="com.salesforce.tests.Leads.LeadsTest" name="todaysLeadsTest" time="29.406"/>
  <system-out/>
  <testcase classname="com.salesforce.tests.Leads.LeadsTest" name="functOfGoBtnTest" time="36.779"/>
  <system-out/>
</testsuite> <!-- com.salesforce.tests.Leads.LeadsTest -->
