<?xml version="1.0" encoding="UTF-8"?>
<!-- Generated by org.testng.reporters.JUnitReportReporter -->
<testsuite hostname="Doctor-Buttons" failures="0" tests="1" name="com.salesforce.tests.Home.HomeTest" time="0.005" errors="0" timestamp="2022-02-13T23:44:04 CST" skipped="0">
  <testcase classname="com.salesforce.tests.Home.HomeTest" name="enterFormData" time="0.005"/>
  <system-out/>
</testsuite> <!-- com.salesforce.tests.Home.HomeTest -->
